Info: Starting: Create simulation model
Info: qsys-generate C:\class\class36\prj\ip\nco.qsys --simulation=VERILOG --allow-mixed-language-simulation --output-directory=C:\class\class36\prj\ip\nco\simulation --family="Cyclone IV E" --part=EP4CE115F29C7
Progress: Loading ip/nco.qsys
Progress: Reading input file
Progress: Adding nco_ii_0 [altera_nco_ii 16.0]
Progress: Parameterizing module nco_ii_0
Progress: Building connections
Progress: Parameterizing connections
Progress: Validating
Progress: Done reading input file
Info: nco: Generating nco "nco" for SIM_VERILOG
Info: nco_ii_0: "nco" instantiated altera_nco_ii "nco_ii_0"
Info: nco: Done "nco" with 2 modules, 32 files
Info: qsys-generate succeeded.
Info: Finished: Create simulation model
Info: Starting: Create Modelsim Project.
Info: sim-script-gen --spd=C:\class\class36\prj\ip\nco\nco.spd --output-directory=C:/class/class36/prj/ip/nco/simulation/ --use-relative-paths=true
Info: Doing: ip-make-simscript --spd=C:\class\class36\prj\ip\nco\nco.spd --output-directory=C:/class/class36/prj/ip/nco/simulation/ --use-relative-paths=true
Info: Generating the following file(s) for MODELSIM simulator in C:/class/class36/prj/ip/nco/simulation/ directory:
Info: 	mentor/msim_setup.tcl
Info: Generating the following file(s) for VCS simulator in C:/class/class36/prj/ip/nco/simulation/ directory:
Info: 	synopsys/vcs/vcs_setup.sh
Info: Generating the following file(s) for VCSMX simulator in C:/class/class36/prj/ip/nco/simulation/ directory:
Info: 	synopsys/vcsmx/synopsys_sim.setup
Info: 	synopsys/vcsmx/vcsmx_setup.sh
Info: Generating the following file(s) for NCSIM simulator in C:/class/class36/prj/ip/nco/simulation/ directory:
Info: 	cadence/cds.lib
Info: 	cadence/hdl.var
Info: 	cadence/ncsim_setup.sh
Info: 	1 .cds.lib files in cadence/cds_libs/ directory
Info: Generating the following file(s) for RIVIERA simulator in C:/class/class36/prj/ip/nco/simulation/ directory:
Info: 	aldec/rivierapro_setup.tcl
Info: For information on how to simulate your IP, see the explanatory comments in the simulator-specific subdirectories under C:/class/class36/prj/ip/nco/simulation/.
Info: Finished: Create Modelsim Project.
Info: Starting: Create block symbol file (.bsf)
Info: qsys-generate C:\class\class36\prj\ip\nco.qsys --block-symbol-file --output-directory=C:\class\class36\prj\ip\nco --family="Cyclone IV E" --part=EP4CE115F29C7
Progress: Loading ip/nco.qsys
Progress: Reading input file
Progress: Adding nco_ii_0 [altera_nco_ii 16.0]
Progress: Parameterizing module nco_ii_0
Progress: Building connections
Progress: Parameterizing connections
Progress: Validating
Progress: Done reading input file
Info: qsys-generate succeeded.
Info: Finished: Create block symbol file (.bsf)
Info: 
Info: Starting: Create HDL design files for synthesis
Info: qsys-generate C:\class\class36\prj\ip\nco.qsys --synthesis=VERILOG --output-directory=C:\class\class36\prj\ip\nco\synthesis --family="Cyclone IV E" --part=EP4CE115F29C7
Progress: Loading ip/nco.qsys
Progress: Reading input file
Progress: Adding nco_ii_0 [altera_nco_ii 16.0]
Progress: Parameterizing module nco_ii_0
Progress: Building connections
Progress: Parameterizing connections
Progress: Validating
Progress: Done reading input file
Info: nco: Generating nco "nco" for QUARTUS_SYNTH
Info: nco_ii_0: "nco" instantiated altera_nco_ii "nco_ii_0"
Info: nco: Done "nco" with 2 modules, 19 files
Info: qsys-generate succeeded.
Info: Finished: Create HDL design files for synthesis
