Assembler report for QamCarrier
Sun Mar 22 17:50:50 2020
Quartus Prime Version 16.0.0 Build 211 04/27/2016 SJ Standard Edition


---------------------
; Table of Contents ;
---------------------
  1. Legal Notice
  2. Assembler Summary
  3. Assembler Settings
  4. Assembler Encrypted IP Cores Summary
  5. Assembler Generated Files
  6. Assembler Device Options: C:/Users/Administrator/Desktop/myqam/Chapter_8/E8_5_FpgaGardner/QamCarrierDD/output_files/QamCarrier.sof
  7. Assembler Messages



----------------
; Legal Notice ;
----------------
Copyright (C) 1991-2016 Altera Corporation. All rights reserved.
Your use of Altera Corporation's design tools, logic functions 
and other software and tools, and its AMPP partner logic 
functions, and any output files from any of the foregoing 
(including device programming or simulation files), and any 
associated documentation or information are expressly subject 
to the terms and conditions of the Altera Program License 
Subscription Agreement, the Altera Quartus Prime License Agreement,
the Altera MegaCore Function License Agreement, or other 
applicable license agreement, including, without limitation, 
that your use is for the sole purpose of programming logic 
devices manufactured by Altera and sold by Altera or its 
authorized distributors.  Please refer to the applicable 
agreement for further details.



+---------------------------------------------------------------+
; Assembler Summary                                             ;
+-----------------------+---------------------------------------+
; Assembler Status      ; Successful - Sun Mar 22 17:50:50 2020 ;
; Revision Name         ; QamCarrier                            ;
; Top-level Entity Name ; QamCarrier                            ;
; Family                ; Cyclone IV E                          ;
; Device                ; EP4CE40F23C8                          ;
+-----------------------+---------------------------------------+


+----------------------------------+
; Assembler Settings               ;
+--------+---------+---------------+
; Option ; Setting ; Default Value ;
+--------+---------+---------------+


+--------------------------------------------------+
; Assembler Encrypted IP Cores Summary             ;
+--------+--------------------------+--------------+
; Vendor ; IP Core Name             ; License Type ;
+--------+--------------------------+--------------+
; Altera ; FIR_Compiler (6AF7 0012) ; Licensed     ;
; Altera ; "NCO" (6AF7 0014)        ; Licensed     ;
+--------+--------------------------+--------------+


+----------------------------------------------------------------------------------------------------------+
; Assembler Generated Files                                                                                ;
+----------------------------------------------------------------------------------------------------------+
; File Name                                                                                                ;
+----------------------------------------------------------------------------------------------------------+
; C:/Users/Administrator/Desktop/myqam/Chapter_8/E8_5_FpgaGardner/QamCarrierDD/output_files/QamCarrier.sof ;
+----------------------------------------------------------------------------------------------------------+


+------------------------------------------------------------------------------------------------------------------------------------+
; Assembler Device Options: C:/Users/Administrator/Desktop/myqam/Chapter_8/E8_5_FpgaGardner/QamCarrierDD/output_files/QamCarrier.sof ;
+----------------+-------------------------------------------------------------------------------------------------------------------+
; Option         ; Setting                                                                                                           ;
+----------------+-------------------------------------------------------------------------------------------------------------------+
; Device         ; EP4CE40F23C8                                                                                                      ;
; JTAG usercode  ; 0x0059140D                                                                                                        ;
; Checksum       ; 0x0059140D                                                                                                        ;
+----------------+-------------------------------------------------------------------------------------------------------------------+


+--------------------+
; Assembler Messages ;
+--------------------+
Info: *******************************************************************
Info: Running Quartus Prime Assembler
    Info: Version 16.0.0 Build 211 04/27/2016 SJ Standard Edition
    Info: Processing started: Sun Mar 22 17:50:41 2020
Info: Command: quartus_asm --read_settings_files=off --write_settings_files=off QamCarrier -c QamCarrier
Warning (18236): Number of processors has not been specified which may cause overloading on shared machines.  Set the global assignment NUM_PARALLEL_PROCESSORS in your QSF to an appropriate value for best performance.
Info (115031): Writing out detailed assembly data for power analysis
Info (115030): Assembler is generating device programming files
Info: Quartus Prime Assembler was successful. 0 errors, 1 warning
    Info: Peak virtual memory: 4923 megabytes
    Info: Processing ended: Sun Mar 22 17:50:50 2020
    Info: Elapsed time: 00:00:09
    Info: Total CPU time (on all processors): 00:00:07


